[timing] emit schema=customers id=101 ts=1762909112.059
[timing] emit schema=customers id=101 ts=1762909112.059
[timing] emit schema=customers id=102 ts=1762909112.093
[timing] emit schema=orders id=2001 ts=1762909112.110
[timing] emit schema=customers id=102 ts=1762909112.093
[timing] emit schema=orders id=2001 ts=1762909112.110
[timing] emit schema=customers id=103 ts=1762909112.160
[timing] emit schema=customers id=103 ts=1762909112.160
[timing] emit schema=customers id=104 ts=1762909112.209
[timing] emit schema=customers id=104 ts=1762909112.209
[timing] emit schema=customers id=105 ts=1762909112.293
[timing] emit schema=customers id=105 ts=1762909112.293
[timing] emit schema=orders id=2002 ts=1762909112.326
[timing] emit schema=customers id=106 ts=1762909112.360
[timing] emit schema=customers id=106 ts=1762909112.360
[timing] emit schema=orders id=2002 ts=1762909112.326
[timing] emit schema=customers id=107 ts=1762909112.393
[timing] emit schema=customers id=107 ts=1762909112.393
[timing] emit schema=customers id=108 ts=1762909112.443
[timing] emit schema=customers id=108 ts=1762909112.443
[timing] emit schema=orders id=2004 ts=1762909113.476
[timing] emit schema=customers id=109 ts=1762909113.476
[timing] emit schema=orders id=2003 ts=1762909113.509
[timing] emit schema=customers id=110 ts=1762909113.509
[timing] emit schema=orders id=2003 ts=1762909113.509
[timing] emit schema=orders id=2004 ts=1762909113.476
[timing] emit schema=customers id=109 ts=1762909113.476
[timing] emit schema=customers id=111 ts=1762909113.559
[timing] emit schema=orders id=2005 ts=1762909113.576
[timing] emit schema=customers id=112 ts=1762909113.576
[timing] emit schema=customers id=113 ts=1762909113.609
[timing] emit schema=customers id=110 ts=1762909113.509
[timing] emit schema=customers id=111 ts=1762909113.559
[timing] emit schema=customers id=114 ts=1762909113.659
[timing] emit schema=orders id=2006 ts=1762909113.693
[timing] emit schema=orders id=2006 ts=1762909113.693
[timing] emit schema=customers id=112 ts=1762909113.576
[timing] emit schema=customers id=115 ts=1762909113.726
[timing] emit schema=orders id=2005 ts=1762909113.576
[timing] emit schema=customers id=113 ts=1762909113.609
[timing] emit schema=customers id=116 ts=1762909113.793
[timing] emit schema=orders id=2007 ts=1762909113.809
[timing] emit schema=customers id=114 ts=1762909113.659
[timing] emit schema=customers id=117 ts=1762909113.842
[timing] emit schema=orders id=2008 ts=1762909113.859
[timing] emit schema=customers id=115 ts=1762909113.726
[timing] emit schema=customers id=118 ts=1762909113.859
[timing] emit schema=orders id=2010 ts=1762909113.876
[timing] emit schema=customers id=116 ts=1762909113.793
[timing] emit schema=customers id=119 ts=1762909113.876
[timing] emit schema=customers id=117 ts=1762909113.842
[timing] emit schema=orders id=2007 ts=1762909113.809
[timing] emit schema=customers id=120 ts=1762909113.959
[timing] emit schema=orders id=2009 ts=1762909113.975
[timing] emit schema=customers id=118 ts=1762909113.859
[timing] emit schema=customers id=121 ts=1762909113.992
[timing] emit schema=orders id=2011 ts=1762909113.042
[timing] emit schema=customers id=122 ts=1762909113.042
[timing] emit schema=orders id=2008 ts=1762909113.859
[timing] emit schema=customers id=119 ts=1762909113.876
[timing] emit schema=customers id=123 ts=1762909113.059
[timing] emit schema=customers id=120 ts=1762909113.959
[timing] emit schema=customers id=124 ts=1762909113.092
[timing] emit schema=orders id=2009 ts=1762909113.975
[timing] emit schema=customers id=125 ts=1762909113.159
[timing] emit schema=customers id=121 ts=1762909113.992
[timing] emit schema=orders id=2012 ts=1762909113.209
[timing] emit schema=orders id=2013 ts=1762909113.209
[timing] emit schema=orders id=2010 ts=1762909113.876
[timing] emit schema=orders id=2015 ts=1762909113.242
[timing] emit schema=customers id=122 ts=1762909113.042
[timing] emit schema=customers id=126 ts=1762909113.259
[timing] emit schema=orders id=2011 ts=1762909113.042
[timing] emit schema=orders id=2014 ts=1762909113.326
[timing] emit schema=orders id=2017 ts=1762909113.326
[timing] emit schema=customers id=123 ts=1762909113.059
[timing] emit schema=customers id=127 ts=1762909113.342
[timing] emit schema=orders id=2016 ts=1762909113.359
[timing] emit schema=orders id=2013 ts=1762909113.209
[timing] emit schema=customers id=124 ts=1762909113.092
[timing] emit schema=customers id=128 ts=1762909113.409
[timing] emit schema=orders id=2018 ts=1762909113.426
[timing] emit schema=customers id=125 ts=1762909113.159
[timing] emit schema=customers id=126 ts=1762909113.259
[timing] emit schema=customers id=129 ts=1762909114.492
[timing] emit schema=orders id=2019 ts=1762909114.509
[timing] emit schema=orders id=2012 ts=1762909113.209
[timing] emit schema=orders id=2014 ts=1762909113.326
[timing] emit schema=customers id=130 ts=1762909114.559
[timing] emit schema=customers id=131 ts=1762909114.559
[timing] emit schema=orders id=2015 ts=1762909113.242
[timing] emit schema=customers id=127 ts=1762909113.342
[timing] emit schema=customers id=128 ts=1762909113.409
[timing] emit schema=customers id=132 ts=1762909114.609
[timing] emit schema=customers id=133 ts=1762909114.609
[timing] emit schema=customers id=134 ts=1762909114.626
[timing] emit schema=customers id=129 ts=1762909114.492
[timing] emit schema=customers id=135 ts=1762909114.659
[timing] emit schema=orders id=2020 ts=1762909114.709
[timing] emit schema=orders id=2021 ts=1762909114.709
[timing] emit schema=customers id=130 ts=1762909114.559
[timing] emit schema=customers id=136 ts=1762909114.709
[timing] emit schema=customers id=137 ts=1762909114.726
[timing] emit schema=customers id=138 ts=1762909114.726
[timing] emit schema=customers id=139 ts=1762909114.743
[timing] emit schema=customers id=131 ts=1762909114.559
[timing] emit schema=customers id=140 ts=1762909114.776
[timing] emit schema=customers id=132 ts=1762909114.609
[timing] emit schema=customers id=133 ts=1762909114.609
[timing] emit schema=customers id=141 ts=1762909114.860
[timing] emit schema=orders id=2022 ts=1762909114.893
[timing] emit schema=customers id=134 ts=1762909114.626
[timing] emit schema=orders id=2023 ts=1762909114.926
[timing] emit schema=customers id=135 ts=1762909114.659
[timing] emit schema=customers id=142 ts=1762909114.926
[timing] emit schema=orders id=2016 ts=1762909113.359
[timing] emit schema=orders id=2017 ts=1762909113.326
[timing] emit schema=orders id=2024 ts=1762909114.993
[timing] emit schema=customers id=136 ts=1762909114.709
[timing] emit schema=customers id=137 ts=1762909114.726
[timing] emit schema=customers id=138 ts=1762909114.726
[timing] emit schema=customers id=143 ts=1762909114.026
[timing] emit schema=customers id=139 ts=1762909114.743
[timing] emit schema=customers id=144 ts=1762909114.059
[timing] emit schema=orders id=2018 ts=1762909113.426
[timing] emit schema=customers id=145 ts=1762909114.076
[timing] emit schema=customers id=146 ts=1762909114.109
[timing] emit schema=customers id=140 ts=1762909114.776
[timing] emit schema=customers id=141 ts=1762909114.860
[timing] emit schema=customers id=147 ts=1762909114.159
[timing] emit schema=orders id=2025 ts=1762909114.176
[timing] emit schema=orders id=2019 ts=1762909114.509
[timing] emit schema=customers id=148 ts=1762909114.210
[timing] emit schema=orders id=2026 ts=1762909114.226
[timing] emit schema=customers id=142 ts=1762909114.926
[timing] emit schema=customers id=149 ts=1762909114.276
[timing] emit schema=customers id=143 ts=1762909114.026
[timing] emit schema=orders id=2020 ts=1762909114.709
[timing] emit schema=customers id=144 ts=1762909114.059
[timing] emit schema=customers id=150 ts=1762909114.343
[timing] emit schema=customers id=151 ts=1762909114.359
[timing] emit schema=orders id=2021 ts=1762909114.709
[timing] emit schema=customers id=145 ts=1762909114.076
[timing] emit schema=customers id=152 ts=1762909114.393
[timing] emit schema=customers id=146 ts=1762909114.109
[timing] emit schema=customers id=153 ts=1762909114.459
[timing] emit schema=customers id=154 ts=1762909115.476
[timing] emit schema=orders id=2027 ts=1762909115.493
[timing] emit schema=customers id=147 ts=1762909114.159
[timing] emit schema=orders id=2022 ts=1762909114.893
[timing] emit schema=customers id=155 ts=1762909115.559
[timing] emit schema=orders id=2028 ts=1762909115.576
[timing] emit schema=customers id=148 ts=1762909114.210
[timing] emit schema=customers id=149 ts=1762909114.276
[timing] emit schema=customers id=150 ts=1762909114.343
[timing] emit schema=customers id=156 ts=1762909115.642
[timing] emit schema=orders id=2029 ts=1762909115.659
[timing] emit schema=orders id=2030 ts=1762909115.659
[timing] emit schema=customers id=151 ts=1762909114.359
[timing] emit schema=customers id=152 ts=1762909114.393
[timing] emit schema=customers id=157 ts=1762909115.692
[timing] emit schema=orders id=2024 ts=1762909114.993
[timing] emit schema=orders id=2032 ts=1762909115.726
[timing] emit schema=customers id=158 ts=1762909115.726
[timing] emit schema=orders id=2031 ts=1762909115.742
[timing] emit schema=customers id=153 ts=1762909114.459
[timing] emit schema=orders id=2026 ts=1762909114.226
[timing] emit schema=customers id=159 ts=1762909115.776
[timing] emit schema=orders id=2023 ts=1762909114.926
[timing] emit schema=customers id=154 ts=1762909115.476
[timing] emit schema=customers id=160 ts=1762909115.826
[timing] emit schema=orders id=2025 ts=1762909114.176
[timing] emit schema=orders id=2027 ts=1762909115.493
[timing] emit schema=customers id=161 ts=1762909115.909
[timing] emit schema=orders id=2033 ts=1762909115.926
[timing] emit schema=customers id=155 ts=1762909115.559
[timing] emit schema=customers id=162 ts=1762909115.926
[timing] emit schema=customers id=156 ts=1762909115.642
[timing] emit schema=customers id=163 ts=1762909115.942
[timing] emit schema=customers id=157 ts=1762909115.692
[timing] emit schema=customers id=164 ts=1762909115.009
[timing] emit schema=customers id=165 ts=1762909115.042
[timing] emit schema=customers id=158 ts=1762909115.726
[timing] emit schema=orders id=2028 ts=1762909115.576
[timing] emit schema=customers id=159 ts=1762909115.776
[timing] emit schema=customers id=166 ts=1762909115.126
[timing] emit schema=orders id=2030 ts=1762909115.659
[timing] emit schema=customers id=160 ts=1762909115.826
[timing] emit schema=customers id=161 ts=1762909115.909
[timing] emit schema=customers id=167 ts=1762909115.176
[timing] emit schema=orders id=2029 ts=1762909115.659
[timing] emit schema=orders id=2035 ts=1762909115.193
[timing] emit schema=customers id=168 ts=1762909115.193
[timing] emit schema=orders id=2034 ts=1762909115.226
[timing] emit schema=customers id=162 ts=1762909115.926
[timing] emit schema=customers id=169 ts=1762909115.243
[timing] emit schema=orders id=2031 ts=1762909115.742
[timing] emit schema=orders id=2036 ts=1762909115.292
[timing] emit schema=customers id=163 ts=1762909115.942
[timing] emit schema=customers id=170 ts=1762909115.309
[timing] emit schema=customers id=164 ts=1762909115.009
[timing] emit schema=orders id=2037 ts=1762909115.342
[timing] emit schema=customers id=165 ts=1762909115.042
[timing] emit schema=orders id=2032 ts=1762909115.726
[timing] emit schema=customers id=171 ts=1762909115.376
[timing] emit schema=customers id=172 ts=1762909115.376
[timing] emit schema=orders id=2033 ts=1762909115.926
[timing] emit schema=customers id=166 ts=1762909115.126
[timing] emit schema=customers id=173 ts=1762909115.459
[timing] emit schema=customers id=167 ts=1762909115.176
[timing] emit schema=customers id=174 ts=1762909116.476
[timing] emit schema=customers id=175 ts=1762909116.476
[timing] emit schema=orders id=2034 ts=1762909115.226
[timing] emit schema=orders id=2038 ts=1762909116.493
[timing] emit schema=customers id=168 ts=1762909115.193
[timing] emit schema=customers id=169 ts=1762909115.243
[timing] emit schema=customers id=176 ts=1762909116.576
[timing] emit schema=customers id=177 ts=1762909116.576
[timing] emit schema=customers id=170 ts=1762909115.309
[timing] emit schema=orders id=2039 ts=1762909116.659
[timing] emit schema=customers id=178 ts=1762909116.659
[timing] emit schema=orders id=2040 ts=1762909116.676
[timing] emit schema=customers id=171 ts=1762909115.376
[timing] emit schema=customers id=172 ts=1762909115.376
[timing] emit schema=customers id=179 ts=1762909116.759
[timing] emit schema=orders id=2041 ts=1762909116.792
[timing] emit schema=orders id=2036 ts=1762909115.292
[timing] emit schema=orders id=2035 ts=1762909115.193
[timing] emit schema=customers id=180 ts=1762909116.842
[timing] emit schema=orders id=2042 ts=1762909116.859
[timing] emit schema=customers id=173 ts=1762909115.459
[timing] emit schema=orders id=2037 ts=1762909115.342
[timing] emit schema=customers id=174 ts=1762909116.476
[timing] emit schema=customers id=181 ts=1762909116.910
[timing] emit schema=customers id=175 ts=1762909116.476
[timing] emit schema=customers id=182 ts=1762909116.959
[timing] emit schema=customers id=183 ts=1762909116.026
[timing] emit schema=orders id=2038 ts=1762909116.493
[timing] emit schema=customers id=176 ts=1762909116.576
[timing] emit schema=customers id=184 ts=1762909116.060
[timing] emit schema=orders id=2039 ts=1762909116.659
[timing] emit schema=orders id=2044 ts=1762909116.092
[timing] emit schema=customers id=177 ts=1762909116.576
[timing] emit schema=customers id=185 ts=1762909116.109
[timing] emit schema=orders id=2040 ts=1762909116.676
[timing] emit schema=customers id=186 ts=1762909116.126
[timing] emit schema=orders id=2043 ts=1762909116.143
[timing] emit schema=customers id=187 ts=1762909116.160
[timing] emit schema=customers id=188 ts=1762909116.176
[timing] emit schema=orders id=2045 ts=1762909116.192
[timing] emit schema=orders id=2046 ts=1762909116.192
[timing] emit schema=customers id=178 ts=1762909116.659
[timing] emit schema=customers id=189 ts=1762909116.243
[timing] emit schema=customers id=179 ts=1762909116.759
[timing] emit schema=customers id=180 ts=1762909116.842
[timing] emit schema=customers id=190 ts=1762909116.276
[timing] emit schema=orders id=2047 ts=1762909116.343
[timing] emit schema=customers id=181 ts=1762909116.910
[timing] emit schema=customers id=191 ts=1762909116.343
[timing] emit schema=customers id=192 ts=1762909116.360
[timing] emit schema=orders id=2041 ts=1762909116.792
[timing] emit schema=customers id=193 ts=1762909116.392
[timing] emit schema=customers id=182 ts=1762909116.959
[timing] emit schema=customers id=183 ts=1762909116.026
[timing] emit schema=customers id=194 ts=1762909117.477
[timing] emit schema=customers id=195 ts=1762909117.510
[timing] emit schema=customers id=184 ts=1762909116.060
[timing] emit schema=orders id=2048 ts=1762909117.544
[timing] emit schema=customers id=185 ts=1762909116.109
[timing] emit schema=customers id=186 ts=1762909116.126
[timing] emit schema=customers id=187 ts=1762909116.160
[timing] emit schema=customers id=196 ts=1762909117.594
[timing] emit schema=orders id=2042 ts=1762909116.859
[timing] emit schema=customers id=188 ts=1762909116.176
[timing] emit schema=orders id=2043 ts=1762909116.143
[timing] emit schema=customers id=189 ts=1762909116.243
[timing] emit schema=customers id=190 ts=1762909116.276
[timing] emit schema=customers id=197 ts=1762909117.677
[timing] emit schema=customers id=191 ts=1762909116.343
[timing] emit schema=customers id=192 ts=1762909116.360
[timing] emit schema=customers id=198 ts=1762909117.743
[timing] emit schema=customers id=199 ts=1762909117.743
[timing] emit schema=customers id=200 ts=1762909117.743
[timing] emit schema=orders id=2049 ts=1762909117.793
[timing] emit schema=customers id=193 ts=1762909116.392
[timing] emit schema=customers id=194 ts=1762909117.477
[timing] emit schema=orders id=2050 ts=1762909117.826
[timing] emit schema=customers id=201 ts=1762909117.826
[timing] emit schema=orders id=2044 ts=1762909116.092
[timing] emit schema=customers id=195 ts=1762909117.510
[timing] emit schema=orders id=2045 ts=1762909116.192
[timing] emit schema=orders id=2051 ts=1762909117.893
[timing] emit schema=customers id=202 ts=1762909117.910
[timing] emit schema=customers id=203 ts=1762909117.927
[timing] emit schema=customers id=204 ts=1762909117.927
[timing] emit schema=customers id=205 ts=1762909117.943
[timing] emit schema=orders id=2053 ts=1762909117.959
[timing] emit schema=customers id=196 ts=1762909117.594
[timing] emit schema=customers id=197 ts=1762909117.677
[timing] emit schema=customers id=206 ts=1762909117.976
[timing] emit schema=orders id=2052 ts=1762909117.993
[timing] emit schema=orders id=2046 ts=1762909116.192
[timing] emit schema=customers id=207 ts=1762909117.009
[timing] emit schema=customers id=198 ts=1762909117.743
[timing] emit schema=customers id=208 ts=1762909117.059
[timing] emit schema=customers id=199 ts=1762909117.743
[timing] emit schema=customers id=200 ts=1762909117.743
[timing] emit schema=customers id=201 ts=1762909117.826
[timing] emit schema=customers id=209 ts=1762909117.126
[timing] emit schema=orders id=2048 ts=1762909117.544
[timing] emit schema=orders id=2054 ts=1762909117.143
[timing] emit schema=customers id=202 ts=1762909117.910
[timing] emit schema=orders id=2047 ts=1762909116.343
[timing] emit schema=customers id=210 ts=1762909117.209
[timing] emit schema=customers id=203 ts=1762909117.927
[timing] emit schema=customers id=204 ts=1762909117.927
[timing] emit schema=customers id=205 ts=1762909117.943
[timing] emit schema=customers id=211 ts=1762909117.260
[timing] emit schema=customers id=212 ts=1762909117.260
[timing] emit schema=customers id=213 ts=1762909117.293
[timing] emit schema=orders id=2049 ts=1762909117.793
[timing] emit schema=orders id=2055 ts=1762909117.310
[timing] emit schema=customers id=214 ts=1762909117.310
[timing] emit schema=customers id=215 ts=1762909117.310
[timing] emit schema=orders id=2050 ts=1762909117.826
[timing] emit schema=customers id=206 ts=1762909117.976
[timing] emit schema=customers id=216 ts=1762909117.359
[timing] emit schema=orders id=2056 ts=1762909117.393
[timing] emit schema=customers id=207 ts=1762909117.009
[timing] emit schema=customers id=217 ts=1762909117.426
[timing] emit schema=customers id=208 ts=1762909117.059
[timing] emit schema=customers id=209 ts=1762909117.126
[timing] expired schema=customers id=111 ts=1762909113.559 reason=expired_time
[timing] expired schema=customers id=112 ts=1762909113.576 reason=expired_time
[timing] expired schema=customers id=116 ts=1762909113.793 reason=expired_time
[timing] expired schema=customers id=122 ts=1762909113.042 reason=expired_time
[timing] expired schema=customers id=123 ts=1762909113.059 reason=expired_time
[timing] expired schema=customers id=126 ts=1762909113.259 reason=expired_time
[timing] expired schema=customers id=127 ts=1762909113.342 reason=expired_time
[timing] emit schema=orders id=2057 ts=1762909118.493
[timing] emit schema=customers id=210 ts=1762909117.209
[timing] emit schema=customers id=218 ts=1762909118.526
[timing] emit schema=customers id=211 ts=1762909117.260
[timing] emit schema=orders id=2051 ts=1762909117.893
[timing] emit schema=orders id=2054 ts=1762909117.143
[timing] emit schema=customers id=219 ts=1762909118.559
[timing] emit schema=orders id=2058 ts=1762909118.576
[timing] emit schema=orders id=2053 ts=1762909117.959
[timing] emit schema=customers id=212 ts=1762909117.260
[timing] emit schema=customers id=220 ts=1762909118.643
[timing] emit schema=orders id=2052 ts=1762909117.993
[timing] emit schema=orders id=2055 ts=1762909117.310
[timing] emit schema=customers id=213 ts=1762909117.293
[timing] emit schema=customers id=221 ts=1762909118.743
[timing] emit schema=customers id=214 ts=1762909117.310
[timing] emit schema=orders id=2059 ts=1762909118.809
[timing] emit schema=customers id=215 ts=1762909117.310
[timing] emit schema=customers id=222 ts=1762909118.826
[timing] emit schema=orders id=2056 ts=1762909117.393
[timing] emit schema=customers id=216 ts=1762909117.359
[timing] emit schema=customers id=217 ts=1762909117.426
[timing] emit schema=customers id=218 ts=1762909118.526
[timing] emit schema=customers id=219 ts=1762909118.559
[timing] emit schema=customers id=223 ts=1762909118.893
[timing] emit schema=orders id=2061 ts=1762909118.926
[timing] emit schema=customers id=220 ts=1762909118.643
[timing] emit schema=customers id=224 ts=1762909118.926
[timing] emit schema=orders id=2060 ts=1762909118.943
[timing] emit schema=orders id=2057 ts=1762909118.493
[timing] emit schema=customers id=221 ts=1762909118.743
[timing] emit schema=customers id=222 ts=1762909118.826
[timing] emit schema=orders id=2058 ts=1762909118.576
[timing] emit schema=customers id=223 ts=1762909118.893
[timing] emit schema=customers id=225 ts=1762909118.993
[timing] emit schema=customers id=224 ts=1762909118.926
[timing] emit schema=customers id=226 ts=1762909118.059
[timing] emit schema=customers id=227 ts=1762909118.059
[timing] emit schema=orders id=2059 ts=1762909118.809
[timing] emit schema=customers id=228 ts=1762909118.126
[timing] emit schema=orders id=2062 ts=1762909118.143
[timing] emit schema=customers id=225 ts=1762909118.993
[timing] emit schema=customers id=226 ts=1762909118.059
[timing] emit schema=customers id=229 ts=1762909118.143
[timing] emit schema=customers id=230 ts=1762909118.209
[timing] emit schema=customers id=227 ts=1762909118.059
[timing] emit schema=customers id=228 ts=1762909118.126
[timing] emit schema=customers id=229 ts=1762909118.143
[timing] emit schema=customers id=231 ts=1762909118.259
[timing] emit schema=orders id=2063 ts=1762909118.309
[timing] emit schema=customers id=230 ts=1762909118.209
[timing] emit schema=customers id=232 ts=1762909118.326
[timing] emit schema=customers id=231 ts=1762909118.259
[timing] emit schema=orders id=2064 ts=1762909118.376
[timing] emit schema=customers id=233 ts=1762909118.409
[timing] emit schema=customers id=232 ts=1762909118.326
[timing] emit schema=orders id=2061 ts=1762909118.926
[timing] emit schema=customers id=234 ts=1762909118.459
[timing] emit schema=orders id=2060 ts=1762909118.943
[timing] emit schema=customers id=233 ts=1762909118.409
[timing] expired schema=customers id=131 ts=1762909114.559 reason=expired_time
[timing] expired schema=customers id=133 ts=1762909114.609 reason=expired_time
[timing] expired schema=customers id=135 ts=1762909114.659 reason=expired_time
[timing] expired schema=customers id=136 ts=1762909114.709 reason=expired_time
[timing] expired schema=customers id=145 ts=1762909114.076 reason=expired_time
[timing] expired schema=customers id=146 ts=1762909114.109 reason=expired_time
[timing] expired schema=customers id=149 ts=1762909114.276 reason=expired_time
[timing] expired schema=customers id=151 ts=1762909114.359 reason=expired_time
[timing] emit schema=customers id=234 ts=1762909118.459
[timing] emit schema=customers id=235 ts=1762909119.526
[timing] emit schema=customers id=235 ts=1762909119.526
[timing] emit schema=orders id=2065 ts=1762909119.576
[timing] emit schema=customers id=236 ts=1762909119.609
[timing] emit schema=customers id=236 ts=1762909119.609
[timing] emit schema=customers id=237 ts=1762909119.609
[timing] emit schema=customers id=238 ts=1762909119.660
[timing] emit schema=customers id=239 ts=1762909119.660
[timing] emit schema=orders id=2066 ts=1762909119.676
[timing] emit schema=orders id=2062 ts=1762909118.143
[timing] emit schema=customers id=237 ts=1762909119.609
[timing] emit schema=customers id=240 ts=1762909119.709
[timing] emit schema=customers id=241 ts=1762909119.726
[timing] emit schema=orders id=2063 ts=1762909118.309
[timing] emit schema=orders id=2064 ts=1762909118.376
[timing] emit schema=customers id=238 ts=1762909119.660
[timing] emit schema=customers id=239 ts=1762909119.660
[timing] emit schema=orders id=2067 ts=1762909119.809
[timing] emit schema=customers id=242 ts=1762909119.809
[timing] emit schema=customers id=240 ts=1762909119.709
[timing] emit schema=customers id=241 ts=1762909119.726
[timing] emit schema=customers id=242 ts=1762909119.809
[timing] emit schema=customers id=243 ts=1762909119.893
[timing] emit schema=customers id=243 ts=1762909119.893
[timing] emit schema=orders id=2068 ts=1762909119.976
[timing] emit schema=customers id=244 ts=1762909119.976
[timing] emit schema=customers id=244 ts=1762909119.976
[timing] emit schema=customers id=245 ts=1762909119.009
[timing] emit schema=orders id=2065 ts=1762909119.576
[timing] emit schema=orders id=2069 ts=1762909119.026
[timing] emit schema=orders id=2070 ts=1762909119.043
[timing] emit schema=customers id=246 ts=1762909119.043
[timing] emit schema=customers id=245 ts=1762909119.009
[timing] emit schema=orders id=2066 ts=1762909119.676
[timing] emit schema=customers id=246 ts=1762909119.043
[timing] emit schema=customers id=247 ts=1762909119.126
[timing] emit schema=customers id=247 ts=1762909119.126
[timing] emit schema=customers id=248 ts=1762909119.176
[timing] emit schema=customers id=248 ts=1762909119.176
[timing] emit schema=orders id=2067 ts=1762909119.809
[timing] emit schema=orders id=2068 ts=1762909119.976
[timing] emit schema=customers id=249 ts=1762909119.226
[timing] emit schema=customers id=249 ts=1762909119.226
[timing] emit schema=orders id=2071 ts=1762909119.243
[timing] emit schema=orders id=2072 ts=1762909119.292
[timing] emit schema=customers id=250 ts=1762909119.292
[timing] emit schema=customers id=250 ts=1762909119.292
[timing] emit schema=orders id=2069 ts=1762909119.026
[timing] emit schema=customers id=251 ts=1762909119.359
[timing] emit schema=orders id=2074 ts=1762909119.376
[timing] emit schema=customers id=251 ts=1762909119.359
[timing] emit schema=customers id=252 ts=1762909119.393
[timing] emit schema=orders id=2070 ts=1762909119.043
[timing] emit schema=orders id=2073 ts=1762909119.409
[timing] emit schema=customers id=252 ts=1762909119.393
[timing] emit schema=customers id=253 ts=1762909120.476
[timing] emit schema=customers id=253 ts=1762909120.476
[timing] expired schema=customers id=155 ts=1762909115.559 reason=expired_time
[timing] expired schema=customers id=158 ts=1762909115.726 reason=expired_time
[timing] expired schema=customers id=164 ts=1762909115.009 reason=expired_time
[timing] expired schema=customers id=171 ts=1762909115.376 reason=expired_time
[timing] expired schema=customers id=173 ts=1762909115.459 reason=expired_time
[timing] emit schema=customers id=254 ts=1762909120.476
[timing] emit schema=orders id=2075 ts=1762909120.526
[timing] emit schema=customers id=255 ts=1762909120.543
[timing] emit schema=customers id=254 ts=1762909120.476
[timing] emit schema=customers id=256 ts=1762909120.576
[timing] emit schema=orders id=2072 ts=1762909119.292
[timing] emit schema=orders id=2076 ts=1762909120.643
[timing] emit schema=customers id=257 ts=1762909120.643
[timing] emit schema=orders id=2073 ts=1762909119.409
[timing] emit schema=customers id=255 ts=1762909120.543
[timing] emit schema=orders id=2071 ts=1762909119.243
[timing] emit schema=customers id=258 ts=1762909120.693
[timing] emit schema=orders id=2077 ts=1762909120.709
[timing] emit schema=customers id=256 ts=1762909120.576
[timing] emit schema=customers id=259 ts=1762909120.743
[timing] emit schema=customers id=260 ts=1762909120.743
[timing] emit schema=customers id=261 ts=1762909120.776
[timing] emit schema=customers id=257 ts=1762909120.643
[timing] emit schema=customers id=262 ts=1762909120.826
[timing] emit schema=orders id=2074 ts=1762909119.376
[timing] emit schema=customers id=258 ts=1762909120.693
[timing] emit schema=customers id=263 ts=1762909120.909
[timing] emit schema=orders id=2078 ts=1762909120.926
[timing] emit schema=customers id=259 ts=1762909120.743
[timing] emit schema=customers id=264 ts=1762909120.943
[timing] emit schema=orders id=2079 ts=1762909120.959
[timing] emit schema=customers id=265 ts=1762909120.993
[timing] emit schema=orders id=2080 ts=1762909120.026
[timing] emit schema=customers id=260 ts=1762909120.743
[timing] emit schema=customers id=266 ts=1762909120.026
[timing] emit schema=orders id=2076 ts=1762909120.643
[timing] emit schema=orders id=2075 ts=1762909120.526
[timing] emit schema=customers id=267 ts=1762909120.109
[timing] emit schema=customers id=261 ts=1762909120.776
[timing] emit schema=customers id=268 ts=1762909120.143
[timing] emit schema=orders id=2077 ts=1762909120.709
[timing] emit schema=orders id=2082 ts=1762909120.176
[timing] emit schema=customers id=262 ts=1762909120.826
[timing] emit schema=customers id=263 ts=1762909120.909
[timing] emit schema=customers id=269 ts=1762909120.226
[timing] emit schema=customers id=270 ts=1762909120.226
[timing] emit schema=orders id=2081 ts=1762909120.243
[timing] emit schema=customers id=264 ts=1762909120.943
[timing] emit schema=customers id=271 ts=1762909120.260
[timing] emit schema=customers id=265 ts=1762909120.993
[timing] emit schema=customers id=272 ts=1762909120.343
[timing] emit schema=customers id=266 ts=1762909120.026
[timing] emit schema=customers id=273 ts=1762909120.426
[timing] emit schema=orders id=2078 ts=1762909120.926
[timing] emit schema=orders id=2083 ts=1762909120.443
[timing] emit schema=orders id=2084 ts=1762909120.459
[timing] emit schema=customers id=267 ts=1762909120.109
[timing] emit schema=orders id=2079 ts=1762909120.959
[timing] emit schema=customers id=274 ts=1762909121.493
[timing] expired schema=customers id=174 ts=1762909116.476 reason=expired_time
[timing] expired schema=customers id=175 ts=1762909116.476 reason=expired_time
[timing] expired schema=customers id=178 ts=1762909116.659 reason=expired_time
[timing] expired schema=customers id=179 ts=1762909116.759 reason=expired_time
[timing] expired schema=customers id=180 ts=1762909116.842 reason=expired_time
[timing] expired schema=customers id=181 ts=1762909116.910 reason=expired_time
[timing] expired schema=customers id=183 ts=1762909116.026 reason=expired_time
[timing] expired schema=customers id=184 ts=1762909116.060 reason=expired_time
[timing] expired schema=customers id=185 ts=1762909116.109 reason=expired_time
[timing] expired schema=customers id=187 ts=1762909116.160 reason=expired_time
[timing] expired schema=customers id=189 ts=1762909116.243 reason=expired_time
[timing] expired schema=customers id=190 ts=1762909116.276 reason=expired_time
[timing] expired schema=customers id=191 ts=1762909116.343 reason=expired_time
[timing] expired schema=customers id=193 ts=1762909116.392 reason=expired_time
[timing] emit schema=customers id=268 ts=1762909120.143
[timing] emit schema=customers id=275 ts=1762909121.560
[timing] emit schema=orders id=2080 ts=1762909120.026
[timing] emit schema=customers id=269 ts=1762909120.226
[timing] emit schema=orders id=2081 ts=1762909120.243
[timing] emit schema=customers id=270 ts=1762909120.226
[timing] emit schema=orders id=2085 ts=1762909121.626
[timing] emit schema=customers id=271 ts=1762909120.260
[timing] emit schema=orders id=2088 ts=1762909121.643
[timing] emit schema=customers id=276 ts=1762909121.643
[timing] emit schema=customers id=272 ts=1762909120.343
[timing] emit schema=customers id=277 ts=1762909121.676
[timing] emit schema=orders id=2086 ts=1762909121.726
[timing] emit schema=orders id=2087 ts=1762909121.743
[timing] emit schema=customers id=278 ts=1762909121.743
[timing] emit schema=orders id=2084 ts=1762909120.459
[timing] emit schema=customers id=273 ts=1762909120.426
[timing] emit schema=orders id=2082 ts=1762909120.176
[timing] emit schema=orders id=2089 ts=1762909121.826
[timing] emit schema=customers id=279 ts=1762909121.826
[timing] emit schema=orders id=2083 ts=1762909120.443
[timing] emit schema=customers id=274 ts=1762909121.493
[timing] emit schema=customers id=275 ts=1762909121.560
[timing] emit schema=customers id=280 ts=1762909121.909
[timing] emit schema=orders id=2085 ts=1762909121.626
[timing] emit schema=orders id=2090 ts=1762909121.927
[timing] emit schema=customers id=276 ts=1762909121.643
[timing] emit schema=orders id=2091 ts=1762909121.959
[timing] emit schema=customers id=277 ts=1762909121.676
[timing] emit schema=customers id=281 ts=1762909121.993
[timing] emit schema=orders id=2086 ts=1762909121.726
[timing] emit schema=customers id=282 ts=1762909121.010
[timing] emit schema=customers id=283 ts=1762909121.010
[timing] emit schema=orders id=2092 ts=1762909121.026
[timing] emit schema=customers id=278 ts=1762909121.743
[timing] emit schema=customers id=284 ts=1762909121.060
[timing] emit schema=customers id=285 ts=1762909121.109
[timing] emit schema=orders id=2093 ts=1762909121.126
[timing] emit schema=customers id=279 ts=1762909121.826
[timing] emit schema=customers id=286 ts=1762909121.143
[timing] emit schema=customers id=287 ts=1762909121.176
[timing] emit schema=customers id=280 ts=1762909121.909
[timing] emit schema=customers id=288 ts=1762909121.210
[timing] emit schema=orders id=2087 ts=1762909121.743
[timing] emit schema=customers id=289 ts=1762909121.226
[timing] emit schema=orders id=2094 ts=1762909121.259
[timing] emit schema=customers id=281 ts=1762909121.993
[timing] emit schema=orders id=2088 ts=1762909121.643
[timing] emit schema=orders id=2096 ts=1762909121.276
[timing] emit schema=orders id=2095 ts=1762909121.293
[timing] emit schema=customers id=290 ts=1762909121.293
[timing] emit schema=customers id=282 ts=1762909121.010
[timing] emit schema=customers id=291 ts=1762909121.326
[timing] emit schema=customers id=292 ts=1762909121.343
[timing] emit schema=customers id=283 ts=1762909121.010
[timing] emit schema=customers id=293 ts=1762909121.393
[timing] emit schema=customers id=294 ts=1762909121.410
[timing] emit schema=orders id=2097 ts=1762909121.443
[timing] emit schema=orders id=2089 ts=1762909121.826
[timing] emit schema=customers id=284 ts=1762909121.060
[timing] emit schema=customers id=285 ts=1762909121.109
[timing] emit schema=customers id=286 ts=1762909121.143
[timing] emit schema=customers id=295 ts=1762909122.493
[timing] expired schema=customers id=194 ts=1762909117.477 reason=expired_time
[timing] expired schema=customers id=196 ts=1762909117.594 reason=expired_time
[timing] expired schema=customers id=197 ts=1762909117.677 reason=expired_time
[timing] expired schema=customers id=200 ts=1762909117.743 reason=expired_time
[timing] expired schema=customers id=202 ts=1762909117.910 reason=expired_time
[timing] expired schema=customers id=203 ts=1762909117.927 reason=expired_time
[timing] expired schema=customers id=206 ts=1762909117.976 reason=expired_time
[timing] expired schema=customers id=208 ts=1762909117.059 reason=expired_time
[timing] expired schema=customers id=212 ts=1762909117.260 reason=expired_time
[timing] expired schema=customers id=213 ts=1762909117.293 reason=expired_time
[timing] expired schema=customers id=215 ts=1762909117.310 reason=expired_time
[timing] expired schema=customers id=216 ts=1762909117.359 reason=expired_time
[timing] emit schema=orders id=2090 ts=1762909121.927
[timing] expired schema=orders id=2049 ts=1762909117.793 reason=expired_time
[timing] expired schema=orders id=2053 ts=1762909117.959 reason=expired_time
[timing] emit schema=customers id=287 ts=1762909121.176
[timing] emit schema=customers id=296 ts=1762909122.593
[timing] emit schema=orders id=2098 ts=1762909122.643
[timing] emit schema=customers id=288 ts=1762909121.210
[timing] emit schema=customers id=297 ts=1762909122.643
[timing] emit schema=customers id=298 ts=1762909122.643
[timing] emit schema=orders id=2099 ts=1762909122.676
[timing] emit schema=customers id=289 ts=1762909121.226
[timing] emit schema=customers id=299 ts=1762909122.710
[timing] emit schema=orders id=2093 ts=1762909121.126
[timing] emit schema=orders id=2091 ts=1762909121.959
[timing] emit schema=customers id=290 ts=1762909121.293
[timing] emit schema=customers id=291 ts=1762909121.326
[timing] emit schema=customers id=300 ts=1762909122.776
[timing] emit schema=customers id=301 ts=1762909122.793
[timing] emit schema=orders id=2100 ts=1762909122.810
[timing] emit schema=customers id=292 ts=1762909121.343
[timing] emit schema=customers id=302 ts=1762909122.860
[timing] emit schema=orders id=2092 ts=1762909121.026
[timing] emit schema=orders id=2101 ts=1762909122.893
[timing] emit schema=orders id=2094 ts=1762909121.259
[timing] emit schema=customers id=293 ts=1762909121.393
[timing] emit schema=customers id=303 ts=1762909122.943
[timing] emit schema=customers id=304 ts=1762909122.976
[timing] emit schema=customers id=305 ts=1762909122.993
[timing] emit schema=orders id=2095 ts=1762909121.293
[timing] emit schema=orders id=2102 ts=1762909122.010
[timing] emit schema=customers id=294 ts=1762909121.410
[timing] emit schema=customers id=306 ts=1762909122.026
[timing] emit schema=customers id=307 ts=1762909122.043
[timing] emit schema=customers id=295 ts=1762909122.493
[timing] emit schema=customers id=308 ts=1762909122.126
[timing] emit schema=orders id=2104 ts=1762909122.143
[timing] emit schema=customers id=296 ts=1762909122.593
[timing] emit schema=orders id=2103 ts=1762909122.160
[timing] emit schema=customers id=297 ts=1762909122.643
[timing] emit schema=orders id=2105 ts=1762909122.210
[timing] emit schema=customers id=309 ts=1762909122.226
[timing] emit schema=customers id=310 ts=1762909122.226
[timing] emit schema=customers id=311 ts=1762909122.259
[timing] emit schema=customers id=298 ts=1762909122.643
[timing] emit schema=customers id=299 ts=1762909122.710
[timing] emit schema=orders id=2096 ts=1762909121.276
[timing] emit schema=customers id=312 ts=1762909122.309
[timing] emit schema=customers id=300 ts=1762909122.776
[timing] emit schema=orders id=2097 ts=1762909121.443
[timing] emit schema=orders id=2106 ts=1762909122.376
[timing] emit schema=customers id=301 ts=1762909122.793
[timing] emit schema=customers id=313 ts=1762909122.376
[timing] emit schema=orders id=2107 ts=1762909122.409
[timing] emit schema=customers id=314 ts=1762909122.426
[timing] emit schema=orders id=2099 ts=1762909122.676
[timing] emit schema=customers id=302 ts=1762909122.860
[timing] emit schema=customers id=315 ts=1762909123.477
[timing] expired schema=customers id=221 ts=1762909118.743 reason=expired_time
[timing] expired schema=customers id=222 ts=1762909118.826 reason=expired_time
[timing] expired schema=customers id=225 ts=1762909118.993 reason=expired_time
[timing] expired schema=customers id=226 ts=1762909118.059 reason=expired_time
[timing] expired schema=customers id=227 ts=1762909118.059 reason=expired_time
[timing] expired schema=customers id=228 ts=1762909118.126 reason=expired_time
[timing] expired schema=customers id=232 ts=1762909118.326 reason=expired_time
[timing] expired schema=customers id=234 ts=1762909118.459 reason=expired_time
[timing] emit schema=customers id=316 ts=1762909123.477
[timing] emit schema=customers id=303 ts=1762909122.943
[timing] emit schema=orders id=2098 ts=1762909122.643
[timing] expired schema=orders id=2059 ts=1762909118.809 reason=expired_time
[timing] expired schema=orders id=2060 ts=1762909118.943 reason=expired_time
[timing] emit schema=orders id=2100 ts=1762909122.810
[timing] emit schema=orders id=2101 ts=1762909122.893
[timing] emit schema=orders id=2109 ts=1762909123.576
[timing] emit schema=customers id=317 ts=1762909123.576
[timing] emit schema=customers id=304 ts=1762909122.976
[timing] emit schema=customers id=305 ts=1762909122.993
[timing] emit schema=orders id=2108 ts=1762909123.643
[timing] emit schema=customers id=318 ts=1762909123.643
[timing] emit schema=customers id=306 ts=1762909122.026
[timing] emit schema=customers id=307 ts=1762909122.043
[timing] emit schema=customers id=319 ts=1762909123.676
[timing] emit schema=orders id=2110 ts=1762909123.710
[timing] emit schema=customers id=308 ts=1762909122.126
[timing] emit schema=customers id=320 ts=1762909123.726
[timing] emit schema=orders id=2103 ts=1762909122.160
[timing] emit schema=orders id=2102 ts=1762909122.010
[timing] emit schema=customers id=321 ts=1762909123.793
[timing] emit schema=customers id=309 ts=1762909122.226
[timing] emit schema=orders id=2111 ts=1762909123.826
[timing] emit schema=customers id=310 ts=1762909122.226
[timing] emit schema=customers id=311 ts=1762909122.259
[timing] emit schema=customers id=322 ts=1762909123.860
[timing] emit schema=customers id=323 ts=1762909123.893
[timing] emit schema=customers id=312 ts=1762909122.309
[timing] emit schema=customers id=313 ts=1762909122.376
[timing] emit schema=orders id=2104 ts=1762909122.143
[timing] emit schema=orders id=2113 ts=1762909123.993
[timing] emit schema=customers id=314 ts=1762909122.426
[timing] emit schema=customers id=324 ts=1762909123.993
[timing] emit schema=orders id=2114 ts=1762909123.009
[timing] emit schema=customers id=315 ts=1762909123.477
[timing] emit schema=orders id=2112 ts=1762909123.060
[timing] emit schema=customers id=325 ts=1762909123.060
[timing] emit schema=customers id=326 ts=1762909123.093
[timing] emit schema=customers id=327 ts=1762909123.126
[timing] emit schema=customers id=316 ts=1762909123.477
[timing] emit schema=orders id=2115 ts=1762909123.159
[timing] emit schema=orders id=2116 ts=1762909123.159
[timing] emit schema=customers id=317 ts=1762909123.576
[timing] emit schema=customers id=328 ts=1762909123.209
[timing] emit schema=customers id=318 ts=1762909123.643
[timing] emit schema=customers id=319 ts=1762909123.676
[timing] emit schema=orders id=2105 ts=1762909122.210
[timing] emit schema=orders id=2107 ts=1762909122.409
[timing] emit schema=customers id=329 ts=1762909123.260
[timing] emit schema=orders id=2117 ts=1762909123.293
[timing] emit schema=orders id=2106 ts=1762909122.376
[timing] emit schema=customers id=320 ts=1762909123.726
[timing] emit schema=customers id=321 ts=1762909123.793
[timing] emit schema=customers id=322 ts=1762909123.860
[timing] emit schema=customers id=330 ts=1762909123.343
[timing] emit schema=customers id=323 ts=1762909123.893
[timing] emit schema=customers id=331 ts=1762909123.376
[timing] emit schema=customers id=332 ts=1762909123.409
[timing] emit schema=customers id=324 ts=1762909123.993
[timing] emit schema=orders id=2108 ts=1762909123.643
[timing] emit schema=customers id=325 ts=1762909123.060
[timing] emit schema=orders id=2109 ts=1762909123.576
[timing] emit schema=customers id=333 ts=1762909124.493
[timing] expired schema=customers id=237 ts=1762909119.609 reason=expired_time
[timing] expired schema=customers id=242 ts=1762909119.809 reason=expired_time
[timing] expired schema=customers id=243 ts=1762909119.893 reason=expired_time
[timing] expired schema=customers id=245 ts=1762909119.009 reason=expired_time
[timing] expired schema=customers id=251 ts=1762909119.359 reason=expired_time
[timing] expired schema=customers id=252 ts=1762909119.393 reason=expired_time
[timing] emit schema=customers id=334 ts=1762909124.509
[timing] emit schema=customers id=326 ts=1762909123.093
[timing] emit schema=customers id=327 ts=1762909123.126
[timing] emit schema=customers id=328 ts=1762909123.209
[timing] emit schema=orders id=2118 ts=1762909124.609
[timing] emit schema=orders id=2119 ts=1762909124.609
[timing] emit schema=customers id=335 ts=1762909124.609
[timing] emit schema=customers id=336 ts=1762909124.609
[timing] emit schema=customers id=337 ts=1762909124.626
[timing] emit schema=orders id=2112 ts=1762909123.060
[timing] emit schema=customers id=329 ts=1762909123.260
[timing] emit schema=customers id=330 ts=1762909123.343
[timing] emit schema=orders id=2110 ts=1762909123.710
[timing] emit schema=orders id=2111 ts=1762909123.826
[timing] emit schema=orders id=2120 ts=1762909124.693
[timing] emit schema=customers id=331 ts=1762909123.376
[timing] emit schema=customers id=332 ts=1762909123.409
[timing] emit schema=customers id=338 ts=1762909124.710
[timing] emit schema=customers id=339 ts=1762909124.743
[timing] emit schema=orders id=2113 ts=1762909123.993
[timing] emit schema=customers id=333 ts=1762909124.493
[timing] emit schema=customers id=334 ts=1762909124.509
[timing] emit schema=customers id=340 ts=1762909124.826
[timing] emit schema=orders id=2121 ts=1762909124.893
[timing] emit schema=customers id=335 ts=1762909124.609
[timing] emit schema=customers id=341 ts=1762909124.893
[timing] emit schema=customers id=342 ts=1762909124.893
[timing] emit schema=customers id=343 ts=1762909124.910
[timing] emit schema=orders id=2114 ts=1762909123.009
[timing] emit schema=orders id=2116 ts=1762909123.159
[timing] emit schema=orders id=2122 ts=1762909124.976
[timing] emit schema=orders id=2115 ts=1762909123.159
[timing] emit schema=customers id=336 ts=1762909124.609
[timing] emit schema=orders id=2117 ts=1762909123.293
[timing] emit schema=customers id=337 ts=1762909124.626
[timing] emit schema=customers id=338 ts=1762909124.710
[timing] emit schema=customers id=344 ts=1762909124.010
[timing] emit schema=orders id=2123 ts=1762909124.043
[timing] emit schema=customers id=345 ts=1762909124.076
[timing] emit schema=customers id=339 ts=1762909124.743
[timing] emit schema=customers id=346 ts=1762909124.093
[timing] emit schema=customers id=347 ts=1762909124.126
[timing] emit schema=orders id=2118 ts=1762909124.609
[timing] emit schema=customers id=340 ts=1762909124.826
[timing] emit schema=orders id=2124 ts=1762909124.176
[timing] emit schema=orders id=2125 ts=1762909124.193
[timing] emit schema=customers id=348 ts=1762909124.193
[timing] emit schema=customers id=341 ts=1762909124.893
[timing] emit schema=customers id=342 ts=1762909124.893
[timing] emit schema=customers id=349 ts=1762909124.276
[timing] emit schema=customers id=350 ts=1762909124.293
[timing] emit schema=orders id=2126 ts=1762909124.310
[timing] emit schema=customers id=343 ts=1762909124.910
[timing] emit schema=orders id=2120 ts=1762909124.693
[timing] emit schema=orders id=2119 ts=1762909124.609
[timing] emit schema=customers id=351 ts=1762909124.393
[timing] emit schema=customers id=344 ts=1762909124.010
[timing] emit schema=orders id=2121 ts=1762909124.893
[timing] emit schema=customers id=345 ts=1762909124.076
[timing] emit schema=customers id=346 ts=1762909124.093
[timing] emit schema=customers id=352 ts=1762909125.477
[timing] expired schema=customers id=254 ts=1762909120.476 reason=expired_time
[timing] expired schema=customers id=255 ts=1762909120.543 reason=expired_time
[timing] expired schema=customers id=256 ts=1762909120.576 reason=expired_time
[timing] expired schema=customers id=257 ts=1762909120.643 reason=expired_time
[timing] expired schema=customers id=258 ts=1762909120.693 reason=expired_time
[timing] expired schema=customers id=259 ts=1762909120.743 reason=expired_time
[timing] expired schema=customers id=260 ts=1762909120.743 reason=expired_time
[timing] expired schema=customers id=261 ts=1762909120.776 reason=expired_time
[timing] expired schema=customers id=262 ts=1762909120.826 reason=expired_time
[timing] expired schema=customers id=263 ts=1762909120.909 reason=expired_time
[timing] expired schema=customers id=264 ts=1762909120.943 reason=expired_time
[timing] expired schema=customers id=265 ts=1762909120.993 reason=expired_time
[timing] expired schema=customers id=266 ts=1762909120.026 reason=expired_time
[timing] expired schema=customers id=267 ts=1762909120.109 reason=expired_time
[timing] expired schema=customers id=268 ts=1762909120.143 reason=expired_time
[timing] expired schema=customers id=269 ts=1762909120.226 reason=expired_time
[timing] expired schema=customers id=270 ts=1762909120.226 reason=expired_time
[timing] expired schema=customers id=271 ts=1762909120.260 reason=expired_time
[timing] expired schema=customers id=272 ts=1762909120.343 reason=expired_time
[timing] expired schema=customers id=273 ts=1762909120.426 reason=expired_time
[timing] emit schema=customers id=353 ts=1762909125.477
[timing] emit schema=customers id=347 ts=1762909124.126
[timing] emit schema=customers id=354 ts=1762909125.526
[timing] emit schema=orders id=2127 ts=1762909125.560
[timing] emit schema=orders id=2128 ts=1762909125.560
[timing] emit schema=customers id=348 ts=1762909124.193
[timing] emit schema=customers id=349 ts=1762909124.276
[timing] emit schema=customers id=350 ts=1762909124.293
[timing] emit schema=customers id=355 ts=1762909125.627
[timing] emit schema=orders id=2123 ts=1762909124.043
[timing] emit schema=customers id=351 ts=1762909124.393
[timing] emit schema=orders id=2122 ts=1762909124.976
[timing] emit schema=customers id=356 ts=1762909125.693
[timing] emit schema=customers id=357 ts=1762909125.710
[timing] emit schema=orders id=2129 ts=1762909125.726
[timing] emit schema=customers id=352 ts=1762909125.477
[timing] emit schema=customers id=353 ts=1762909125.477
[timing] emit schema=customers id=358 ts=1762909125.776
[timing] emit schema=customers id=354 ts=1762909125.526
[timing] emit schema=customers id=355 ts=1762909125.627
[timing] emit schema=customers id=359 ts=1762909125.826
[timing] emit schema=orders id=2124 ts=1762909124.176
[timing] emit schema=orders id=2130 ts=1762909125.843
[timing] emit schema=customers id=356 ts=1762909125.693
[timing] emit schema=customers id=360 ts=1762909125.876
[timing] emit schema=customers id=357 ts=1762909125.710
[timing] emit schema=customers id=361 ts=1762909125.976
[timing] emit schema=customers id=358 ts=1762909125.776
[timing] emit schema=orders id=2125 ts=1762909124.193
[timing] emit schema=orders id=2131 ts=1762909125.010
[timing] emit schema=customers id=359 ts=1762909125.826
[timing] emit schema=customers id=360 ts=1762909125.876
[timing] emit schema=customers id=362 ts=1762909125.010
[timing] emit schema=orders id=2126 ts=1762909124.310
[timing] emit schema=orders id=2132 ts=1762909125.043
[timing] emit schema=customers id=363 ts=1762909125.043
[timing] emit schema=orders id=2127 ts=1762909125.560
[timing] emit schema=customers id=361 ts=1762909125.976
[timing] emit schema=customers id=362 ts=1762909125.010
[timing] emit schema=customers id=364 ts=1762909125.126
[timing] emit schema=orders id=2133 ts=1762909125.160
[timing] emit schema=customers id=363 ts=1762909125.043
[timing] emit schema=customers id=365 ts=1762909125.193
[timing] emit schema=orders id=2135 ts=1762909125.226
[timing] emit schema=customers id=364 ts=1762909125.126
[timing] emit schema=customers id=366 ts=1762909125.260
[timing] emit schema=customers id=367 ts=1762909125.260
[timing] emit schema=orders id=2129 ts=1762909125.726
[timing] emit schema=orders id=2134 ts=1762909125.309
[timing] emit schema=customers id=365 ts=1762909125.193
[timing] emit schema=customers id=366 ts=1762909125.260
[timing] emit schema=orders id=2128 ts=1762909125.560
[timing] emit schema=customers id=368 ts=1762909125.343
[timing] emit schema=customers id=367 ts=1762909125.260
[timing] emit schema=customers id=369 ts=1762909125.410
[timing] emit schema=orders id=2130 ts=1762909125.843
[timing] emit schema=customers id=368 ts=1762909125.343
[timing] emit schema=customers id=369 ts=1762909125.410
[timing] emit schema=customers id=370 ts=1762909125.460
[timing] emit schema=customers id=370 ts=1762909125.460
[timing] expired schema=customers id=274 ts=1762909121.493 reason=expired_time
[timing] expired schema=customers id=276 ts=1762909121.643 reason=expired_time
[timing] expired schema=customers id=277 ts=1762909121.676 reason=expired_time
[timing] expired schema=customers id=278 ts=1762909121.743 reason=expired_time
[timing] expired schema=customers id=279 ts=1762909121.826 reason=expired_time
[timing] expired schema=customers id=281 ts=1762909121.993 reason=expired_time
[timing] expired schema=customers id=282 ts=1762909121.010 reason=expired_time
[timing] expired schema=customers id=283 ts=1762909121.010 reason=expired_time
[timing] expired schema=customers id=284 ts=1762909121.060 reason=expired_time
[timing] expired schema=customers id=285 ts=1762909121.109 reason=expired_time
[timing] expired schema=customers id=287 ts=1762909121.176 reason=expired_time
[timing] expired schema=customers id=288 ts=1762909121.210 reason=expired_time
[timing] expired schema=customers id=289 ts=1762909121.226 reason=expired_time
[timing] expired schema=customers id=290 ts=1762909121.293 reason=expired_time
[timing] expired schema=customers id=291 ts=1762909121.326 reason=expired_time
[timing] expired schema=customers id=292 ts=1762909121.343 reason=expired_time
[timing] expired schema=customers id=293 ts=1762909121.393 reason=expired_time
[timing] expired schema=customers id=294 ts=1762909121.410 reason=expired_time
[timing] emit schema=orders id=2136 ts=1762909126.526
[timing] emit schema=customers id=371 ts=1762909126.526
[timing] emit schema=orders id=2137 ts=1762909126.543
[timing] emit schema=customers id=371 ts=1762909126.526
[timing] emit schema=customers id=372 ts=1762909126.560
[timing] emit schema=customers id=373 ts=1762909126.610
[timing] emit schema=orders id=2138 ts=1762909126.643
[timing] emit schema=customers id=372 ts=1762909126.560
[timing] emit schema=customers id=373 ts=1762909126.610
[timing] emit schema=customers id=374 ts=1762909126.677
[timing] emit schema=orders id=2139 ts=1762909126.693
[timing] emit schema=customers id=374 ts=1762909126.677
[timing] emit schema=customers id=375 ts=1762909126.693
[timing] emit schema=orders id=2131 ts=1762909125.010
[timing] expired schema=orders id=2090 ts=1762909121.927 reason=expired_time
[timing] expired schema=orders id=2092 ts=1762909121.026 reason=expired_time
[timing] expired schema=orders id=2094 ts=1762909121.259 reason=expired_time
[timing] expired schema=orders id=2096 ts=1762909121.276 reason=expired_time
[timing] expired schema=orders id=2097 ts=1762909121.443 reason=expired_time
[timing] emit schema=customers id=375 ts=1762909126.693
[timing] emit schema=customers id=376 ts=1762909126.743
[timing] emit schema=customers id=377 ts=1762909126.760
[timing] emit schema=customers id=376 ts=1762909126.743
[timing] emit schema=customers id=378 ts=1762909126.793
[timing] emit schema=customers id=377 ts=1762909126.760
[timing] emit schema=customers id=379 ts=1762909126.810
[timing] emit schema=customers id=378 ts=1762909126.793
[timing] emit schema=customers id=379 ts=1762909126.810
[timing] emit schema=customers id=380 ts=1762909126.860
[timing] emit schema=orders id=2132 ts=1762909125.043
[timing] emit schema=orders id=2141 ts=1762909126.910
[timing] emit schema=customers id=381 ts=1762909126.927
[timing] emit schema=customers id=382 ts=1762909126.927
[timing] emit schema=customers id=380 ts=1762909126.860
[timing] emit schema=orders id=2140 ts=1762909126.960
[timing] emit schema=customers id=383 ts=1762909126.960
[timing] emit schema=customers id=381 ts=1762909126.927
[timing] emit schema=customers id=382 ts=1762909126.927
[timing] emit schema=customers id=384 ts=1762909126.026
[timing] emit schema=orders id=2133 ts=1762909125.160
[timing] emit schema=orders id=2142 ts=1762909126.093
[timing] emit schema=customers id=385 ts=1762909126.093
[timing] emit schema=customers id=383 ts=1762909126.960
[timing] emit schema=customers id=386 ts=1762909126.110
[timing] emit schema=orders id=2134 ts=1762909125.309
[timing] emit schema=customers id=384 ts=1762909126.026
[timing] emit schema=customers id=387 ts=1762909126.126
[timing] emit schema=customers id=385 ts=1762909126.093
[timing] emit schema=customers id=388 ts=1762909126.143
[timing] emit schema=customers id=386 ts=1762909126.110
[timing] emit schema=orders id=2143 ts=1762909126.227
[timing] emit schema=customers id=389 ts=1762909126.227
[timing] emit schema=customers id=387 ts=1762909126.126
[timing] emit schema=customers id=390 ts=1762909126.293
[timing] emit schema=orders id=2135 ts=1762909125.226
[timing] emit schema=orders id=2144 ts=1762909126.310
[timing] emit schema=customers id=388 ts=1762909126.143
[timing] emit schema=customers id=391 ts=1762909126.360
[timing] emit schema=orders id=2136 ts=1762909126.526
[timing] emit schema=customers id=392 ts=1762909126.377
[timing] emit schema=orders id=2145 ts=1762909126.393
[timing] emit schema=orders id=2146 ts=1762909126.410
[timing] emit schema=customers id=393 ts=1762909126.410
[timing] emit schema=orders id=2138 ts=1762909126.643
[timing] emit schema=customers id=389 ts=1762909126.227
[timing] emit schema=customers id=394 ts=1762909126.443
[timing] emit schema=customers id=390 ts=1762909126.293
[timing] expired schema=customers id=296 ts=1762909122.593 reason=expired_time
[timing] expired schema=customers id=297 ts=1762909122.643 reason=expired_time
[timing] expired schema=customers id=298 ts=1762909122.643 reason=expired_time
[timing] expired schema=customers id=300 ts=1762909122.776 reason=expired_time
[timing] expired schema=customers id=301 ts=1762909122.793 reason=expired_time
[timing] expired schema=customers id=302 ts=1762909122.860 reason=expired_time
[timing] expired schema=customers id=304 ts=1762909122.976 reason=expired_time
[timing] expired schema=customers id=305 ts=1762909122.993 reason=expired_time
[timing] expired schema=customers id=306 ts=1762909122.026 reason=expired_time
[timing] expired schema=customers id=307 ts=1762909122.043 reason=expired_time
[timing] expired schema=customers id=308 ts=1762909122.126 reason=expired_time
[timing] expired schema=customers id=309 ts=1762909122.226 reason=expired_time
[timing] expired schema=customers id=311 ts=1762909122.259 reason=expired_time
[timing] expired schema=customers id=313 ts=1762909122.376 reason=expired_time
[timing] expired schema=customers id=314 ts=1762909122.426 reason=expired_time
[timing] emit schema=customers id=395 ts=1762909127.527
[timing] emit schema=orders id=2137 ts=1762909126.543
[timing] expired schema=orders id=2098 ts=1762909122.643 reason=expired_time
[timing] expired schema=orders id=2101 ts=1762909122.893 reason=expired_time
[timing] expired schema=orders id=2103 ts=1762909122.160 reason=expired_time
[timing] expired schema=orders id=2107 ts=1762909122.409 reason=expired_time
[timing] expired schema=orders id=2106 ts=1762909122.376 reason=expired_time
[timing] emit schema=orders id=2147 ts=1762909127.560
[timing] emit schema=customers id=391 ts=1762909126.360
[timing] emit schema=customers id=396 ts=1762909127.577
[timing] emit schema=customers id=392 ts=1762909126.377
[timing] emit schema=customers id=393 ts=1762909126.410
[timing] emit schema=orders id=2148 ts=1762909127.677
[timing] emit schema=customers id=397 ts=1762909127.677
[timing] emit schema=customers id=398 ts=1762909127.693
[timing] emit schema=customers id=394 ts=1762909126.443
[timing] emit schema=orders id=2139 ts=1762909126.693
[timing] emit schema=customers id=395 ts=1762909127.527
[timing] emit schema=orders id=2140 ts=1762909126.960
[timing] emit schema=customers id=399 ts=1762909127.776
[timing] emit schema=customers id=396 ts=1762909127.577
[timing] emit schema=orders id=2149 ts=1762909127.826
[timing] emit schema=orders id=2141 ts=1762909126.910
[timing] emit schema=customers id=400 ts=1762909127.860
[timing] emit schema=customers id=397 ts=1762909127.677
[timing] emit schema=customers id=401 ts=1762909127.893
[timing] emit schema=orders id=2142 ts=1762909126.093
[timing] emit schema=customers id=402 ts=1762909127.960
[timing] emit schema=customers id=398 ts=1762909127.693
[timing] emit schema=orders id=2150 ts=1762909127.993
[timing] emit schema=orders id=2144 ts=1762909126.310
[timing] emit schema=orders id=2143 ts=1762909126.227
[timing] emit schema=customers id=399 ts=1762909127.776
[timing] emit schema=customers id=403 ts=1762909127.060
[timing] emit schema=customers id=404 ts=1762909127.076
[timing] emit schema=orders id=2146 ts=1762909126.410
[timing] emit schema=customers id=400 ts=1762909127.860
[timing] emit schema=customers id=405 ts=1762909127.110
[timing] emit schema=customers id=401 ts=1762909127.893
[timing] emit schema=customers id=406 ts=1762909127.127
[timing] emit schema=orders id=2145 ts=1762909126.393
[timing] emit schema=orders id=2151 ts=1762909127.160
[timing] emit schema=customers id=402 ts=1762909127.960
[timing] emit schema=customers id=407 ts=1762909127.193
[timing] emit schema=customers id=408 ts=1762909127.193
[timing] emit schema=customers id=409 ts=1762909127.260
[timing] emit schema=customers id=403 ts=1762909127.060
[timing] emit schema=orders id=2152 ts=1762909127.310
[timing] emit schema=orders id=2147 ts=1762909127.560
[timing] emit schema=customers id=404 ts=1762909127.076
[timing] emit schema=customers id=410 ts=1762909127.343
[timing] emit schema=orders id=2148 ts=1762909127.677
[timing] emit schema=customers id=405 ts=1762909127.110
[timing] emit schema=orders id=2153 ts=1762909127.410
[timing] emit schema=customers id=406 ts=1762909127.127
[timing] emit schema=customers id=407 ts=1762909127.193
[timing] expired schema=customers id=315 ts=1762909123.477 reason=expired_time
[timing] expired schema=customers id=316 ts=1762909123.477 reason=expired_time
[timing] expired schema=customers id=317 ts=1762909123.576 reason=expired_time
[timing] expired schema=customers id=318 ts=1762909123.643 reason=expired_time
[timing] expired schema=customers id=319 ts=1762909123.676 reason=expired_time
[timing] expired schema=customers id=322 ts=1762909123.860 reason=expired_time
[timing] expired schema=customers id=323 ts=1762909123.893 reason=expired_time
[timing] expired schema=customers id=324 ts=1762909123.993 reason=expired_time
[timing] expired schema=customers id=325 ts=1762909123.060 reason=expired_time
[timing] expired schema=customers id=326 ts=1762909123.093 reason=expired_time
[timing] expired schema=customers id=327 ts=1762909123.126 reason=expired_time
[timing] expired schema=customers id=329 ts=1762909123.260 reason=expired_time
[timing] expired schema=customers id=330 ts=1762909123.343 reason=expired_time
[timing] expired schema=customers id=331 ts=1762909123.376 reason=expired_time
[timing] emit schema=orders id=2154 ts=1762909128.560
[timing] emit schema=customers id=408 ts=1762909127.193
[timing] emit schema=orders id=2149 ts=1762909127.826
[timing] expired schema=orders id=2109 ts=1762909123.576 reason=expired_time
[timing] expired schema=orders id=2112 ts=1762909123.060 reason=expired_time
[timing] expired schema=orders id=2110 ts=1762909123.710 reason=expired_time
[timing] expired schema=orders id=2111 ts=1762909123.826 reason=expired_time
[timing] expired schema=orders id=2113 ts=1762909123.993 reason=expired_time
[timing] expired schema=orders id=2114 ts=1762909123.009 reason=expired_time
[timing] expired schema=orders id=2116 ts=1762909123.159 reason=expired_time
[timing] expired schema=orders id=2115 ts=1762909123.159 reason=expired_time
[timing] expired schema=orders id=2117 ts=1762909123.293 reason=expired_time
[timing] emit schema=customers id=409 ts=1762909127.260
[timing] emit schema=orders id=2155 ts=1762909128.643
[timing] emit schema=orders id=2157 ts=1762909128.643
[timing] emit schema=customers id=410 ts=1762909127.343
[timing] emit schema=orders id=2156 ts=1762909128.760
[timing] emit schema=orders id=2160 ts=1762909128.810
[timing] emit schema=orders id=2159 ts=1762909128.827
[timing] emit schema=orders id=2158 ts=1762909128.843
[timing] emit schema=orders id=2161 ts=1762909128.077
[timing] emit schema=orders id=2162 ts=1762909128.143
[timing] emit schema=orders id=2163 ts=1762909128.193
[timing] emit schema=orders id=2164 ts=1762909128.426
[timing] emit schema=orders id=2165 ts=1762909129.510
[timing] emit schema=orders id=2166 ts=1762909129.610
[timing] emit schema=orders id=2167 ts=1762909129.727
[timing] emit schema=orders id=2168 ts=1762909129.777
[timing] emit schema=orders id=2169 ts=1762909129.926
[timing] emit schema=orders id=2170 ts=1762909129.960
[timing] emit schema=orders id=2171 ts=1762909129.193
[timing] emit schema=orders id=2172 ts=1762909129.410
[timing] emit schema=orders id=2173 ts=1762909130.494
[timing] emit schema=orders id=2174 ts=1762909130.610
[timing] emit schema=orders id=2175 ts=1762909130.710
[timing] emit schema=orders id=2176 ts=1762909130.810
[timing] emit schema=orders id=2177 ts=1762909130.843
[timing] emit schema=orders id=2178 ts=1762909130.043
[timing] emit schema=orders id=2179 ts=1762909130.093
[timing] emit schema=orders id=2180 ts=1762909130.210
[timing] emit schema=orders id=2181 ts=1762909130.244
[timing] emit schema=orders id=2182 ts=1762909130.343
[timing] emit schema=orders id=2183 ts=1762909131.477
[timing] emit schema=orders id=2185 ts=1762909131.610
[timing] emit schema=orders id=2184 ts=1762909131.660
[timing] emit schema=orders id=2186 ts=1762909131.660
[timing] emit schema=orders id=2189 ts=1762909131.843
[timing] emit schema=orders id=2188 ts=1762909131.860
[timing] emit schema=orders id=2187 ts=1762909131.927
[timing] emit schema=orders id=2190 ts=1762909131.010
[timing] emit schema=orders id=2191 ts=1762909131.227
[timing] emit schema=orders id=2192 ts=1762909131.310
[timing] emit schema=orders id=2193 ts=1762909131.377
[timing] emit schema=orders id=2195 ts=1762909132.577
[timing] emit schema=orders id=2194 ts=1762909132.593
[timing] emit schema=orders id=2196 ts=1762909132.743
[timing] emit schema=orders id=2197 ts=1762909132.977
[timing] emit schema=orders id=2198 ts=1762909132.043
[timing] emit schema=orders id=2199 ts=1762909132.110
[timing] emit schema=orders id=2200 ts=1762909132.177
[timing] emit schema=orders id=2201 ts=1762909132.310
[timing] emit schema=orders id=2202 ts=1762909132.410
[timing] emit schema=orders id=2203 ts=1762909133.560
[timing] emit schema=orders id=2204 ts=1762909133.593
[timing] emit schema=orders id=2205 ts=1762909133.777
[timing] emit schema=orders id=2206 ts=1762909133.777
[timing] emit schema=orders id=2208 ts=1762909133.860
[timing] emit schema=orders id=2207 ts=1762909133.910
[timing] emit schema=orders id=2209 ts=1762909133.093
[timing] emit schema=orders id=2210 ts=1762909133.160
[timing] emit schema=orders id=2211 ts=1762909133.244
[timing] emit schema=orders id=2212 ts=1762909133.443
[timing] emit schema=orders id=2213 ts=1762909134.627
[timing] emit schema=orders id=2214 ts=1762909134.743
[timing] emit schema=orders id=2216 ts=1762909134.810
[timing] emit schema=orders id=2215 ts=1762909134.827
[timing] emit schema=orders id=2217 ts=1762909134.910
[timing] emit schema=orders id=2218 ts=1762909134.060
[timing] emit schema=orders id=2219 ts=1762909134.110
[timing] emit schema=orders id=2220 ts=1762909134.110
[timing] emit schema=orders id=2221 ts=1762909134.127
